INFO: 2024-05-31 10:25:52,909: main() 'Using profile folder /home/squid/.config/variety/'
INFO: 2024-05-31 10:25:52,933: perform_upgrade() 'Last run version was 0.8.12 or earlier, current version is 0.8.12'
ERROR: 2024-05-31 10:25:52,933: perform_upgrade() 'Error during version upgrade. Continuing.'
Traceback (most recent call last):
  File "/usr/lib/python3.12/site-packages/variety/VarietyWindow.py", line 2283, in perform_upgrade
    if Util.compare_versions(last_version, "0.4.13") < 0:
       ^^^^^^^^^^^^^^^^^^^^^^^^^^^^^^^^^^^^^^^^^^^^^
  File "/usr/lib/python3.12/site-packages/variety/Util.py", line 768, in compare_versions
    from pkg_resources import parse_version
ModuleNotFoundError: No module named 'pkg_resources'
INFO: 2024-05-31 10:25:52,936: process_command() 'Received command: []'
INFO: 2024-05-31 10:25:52,939: start() 'Using data_path /usr/share/variety'
INFO: 2024-05-31 10:25:52,939: load() 'Jumble loading'
INFO: 2024-05-31 10:25:52,939: _walk_modules() 'Jumble loading module in __init__ from /usr/lib/python3.12/site-packages/variety/plugins/builtin/__init__.py'
INFO: 2024-05-31 10:25:52,955: _walk_modules() 'Jumble loading module in GnomeDisplayModesPlugin from /usr/lib/python3.12/site-packages/variety/plugins/builtin/display_modes/GnomeDisplayModesPlugin.py'
INFO: 2024-05-31 10:25:52,956: load() 'Jumble found plugin class: <class 'GnomeDisplayModesPlugin.GnomeDisplayModesPlugin'>: {'name': 'GnomeDisplayModesPlugin', 'description': 'Display modes relying on the underlying desktop environment', 'version': '1.0', 'author': 'Peter Levi'}'
INFO: 2024-05-31 10:25:52,956: _walk_modules() 'Jumble loading module in LegacyDisplayModesPlugin from /usr/lib/python3.12/site-packages/variety/plugins/builtin/display_modes/LegacyDisplayModesPlugin.py'
INFO: 2024-05-31 10:25:52,956: load() 'Jumble found plugin class: <class 'LegacyDisplayModesPlugin.LegacyDisplayModesPlugin'>: {'name': 'LegacyDisplayModesPlugin', 'description': 'Legacy display mode for compatibility with past Variety versions', 'version': '1.0', 'author': 'Peter Levi'}'
INFO: 2024-05-31 10:25:52,956: _walk_modules() 'Jumble loading module in ResizingDisplayModesPlugin from /usr/lib/python3.12/site-packages/variety/plugins/builtin/display_modes/ResizingDisplayModesPlugin.py'
INFO: 2024-05-31 10:25:52,971: load() 'Jumble found plugin class: <class 'ResizingDisplayModesPlugin.ResizingDisplayModesPlugin'>: {'name': 'ResizingDisplayModesPlugin', 'description': 'Display modes that use image resizing within Variety', 'version': '1.0', 'author': 'Peter Levi'}'
INFO: 2024-05-31 10:25:52,972: _walk_modules() 'Jumble loading module in __init__ from /usr/lib/python3.12/site-packages/variety/plugins/builtin/display_modes/__init__.py'
INFO: 2024-05-31 10:25:52,972: _walk_modules() 'Jumble loading module in APODDownloader from /usr/lib/python3.12/site-packages/variety/plugins/builtin/downloaders/APODDownloader.py'
INFO: 2024-05-31 10:25:52,975: load() 'Jumble found plugin class: <class 'APODDownloader.APODDownloader'>: {'name': 'APODDownloader', 'description': 'NASA Astro Pic of the Day', 'author': 'Peter Levi', 'version': '0.1'}'
INFO: 2024-05-31 10:25:52,975: _walk_modules() 'Jumble loading module in ArtStationDownloader from /usr/lib/python3.12/site-packages/variety/plugins/builtin/downloaders/ArtStationDownloader.py'
INFO: 2024-05-31 10:25:52,976: _walk_modules() 'Jumble loading module in ArtStationSource from /usr/lib/python3.12/site-packages/variety/plugins/builtin/downloaders/ArtStationSource.py'
INFO: 2024-05-31 10:25:52,979: load() 'Jumble found plugin class: <class 'ArtStationSource.ArtStationSource'>: {'name': 'ArtStationSource', 'description': 'Configurable source for fetching images from ArtStation', 'author': 'Denis Gordeev', 'version': '0.1'}'
INFO: 2024-05-31 10:25:52,979: _walk_modules() 'Jumble loading module in BingDownloader from /usr/lib/python3.12/site-packages/variety/plugins/builtin/downloaders/BingDownloader.py'
INFO: 2024-05-31 10:25:52,980: load() 'Jumble found plugin class: <class 'BingDownloader.BingDownloader'>: {'name': 'BingDownloader', 'description': 'Bing Photo of the Day', 'author': 'Peter Levi', 'version': '0.1'}'
INFO: 2024-05-31 10:25:52,981: _walk_modules() 'Jumble loading module in EarthviewDownloader from /usr/lib/python3.12/site-packages/variety/plugins/builtin/downloaders/EarthviewDownloader.py'
INFO: 2024-05-31 10:25:52,982: load() 'Jumble found plugin class: <class 'EarthviewDownloader.EarthviewDownloader'>: {'name': 'EarthviewDownloader', 'description': 'Google Earth View Wallpapers', 'author': 'Peter Levi', 'version': '0.1'}'
INFO: 2024-05-31 10:25:52,982: _walk_modules() 'Jumble loading module in MediaRSSDownloader from /usr/lib/python3.12/site-packages/variety/plugins/builtin/downloaders/MediaRSSDownloader.py'
INFO: 2024-05-31 10:25:52,984: _walk_modules() 'Jumble loading module in MediaRSSSource from /usr/lib/python3.12/site-packages/variety/plugins/builtin/downloaders/MediaRSSSource.py'
INFO: 2024-05-31 10:25:52,985: load() 'Jumble found plugin class: <class 'MediaRSSSource.MediaRSSSource'>: {'name': 'MediaRSSSource', 'description': 'Configurable source for fetching images from MediaRSS feeds', 'author': 'Peter Levi', 'version': '0.1'}'
INFO: 2024-05-31 10:25:52,986: _walk_modules() 'Jumble loading module in NationalGeographicDownloader from /usr/lib/python3.12/site-packages/variety/plugins/builtin/downloaders/NationalGeographicDownloader.py'
INFO: 2024-05-31 10:25:52,987: load() 'Jumble found plugin class: <class 'NationalGeographicDownloader.NationalGeographicDownloader'>: {'name': 'NationalGeographicDownloader', 'description': "National Geographic's photo of the day", 'author': 'Eric Rösch', 'version': '0.1'}'
INFO: 2024-05-31 10:25:52,987: _walk_modules() 'Jumble loading module in RedditDownloader from /usr/lib/python3.12/site-packages/variety/plugins/builtin/downloaders/RedditDownloader.py'
INFO: 2024-05-31 10:25:52,988: _walk_modules() 'Jumble loading module in RedditSource from /usr/lib/python3.12/site-packages/variety/plugins/builtin/downloaders/RedditSource.py'
INFO: 2024-05-31 10:25:52,990: load() 'Jumble found plugin class: <class 'RedditSource.RedditSource'>: {'name': 'RedditSource', 'description': 'Configurable source for fetching images from Reddit', 'author': 'Peter Levi', 'version': '0.1'}'
INFO: 2024-05-31 10:25:52,990: _walk_modules() 'Jumble loading module in UnsplashConfigurableSource from /usr/lib/python3.12/site-packages/variety/plugins/builtin/downloaders/UnsplashConfigurableSource.py'
INFO: 2024-05-31 10:25:52,993: load() 'Jumble found plugin class: <class 'UnsplashConfigurableSource.UnsplashConfigurableSource'>: {'name': 'UnsplashConfigurableSource', 'description': 'Configurable source for fetching photos from Unsplash.com', 'author': 'Peter Levi', 'version': '0.1'}'
INFO: 2024-05-31 10:25:52,994: _walk_modules() 'Jumble loading module in UnsplashDownloader from /usr/lib/python3.12/site-packages/variety/plugins/builtin/downloaders/UnsplashDownloader.py'
INFO: 2024-05-31 10:25:52,994: load() 'Jumble found plugin class: <class 'UnsplashDownloader.UnsplashDownloader'>: {'name': 'UnsplashDownloader', 'description': 'High-resolution photos from Unsplash.com', 'author': 'Peter Levi', 'version': '0.1'}'
INFO: 2024-05-31 10:25:52,994: _walk_modules() 'Jumble loading module in WallhavenDownloader from /usr/lib/python3.12/site-packages/variety/plugins/builtin/downloaders/WallhavenDownloader.py'
INFO: 2024-05-31 10:25:52,997: _walk_modules() 'Jumble loading module in WallhavenLegacyDownloader from /usr/lib/python3.12/site-packages/variety/plugins/builtin/downloaders/WallhavenLegacyDownloader.py'
INFO: 2024-05-31 10:25:52,998: _walk_modules() 'Jumble loading module in WallhavenSource from /usr/lib/python3.12/site-packages/variety/plugins/builtin/downloaders/WallhavenSource.py'
INFO: 2024-05-31 10:25:53,000: load() 'Jumble found plugin class: <class 'WallhavenSource.WallhavenSource'>: {'name': 'WallhavenSource', 'description': 'Configurable source for fetching images from Wallhaven.cc', 'author': 'Peter Levi', 'version': '0.1'}'
INFO: 2024-05-31 10:25:53,000: _walk_modules() 'Jumble loading module in __init__ from /usr/lib/python3.12/site-packages/variety/plugins/builtin/downloaders/__init__.py'
INFO: 2024-05-31 10:25:53,000: _walk_modules() 'Jumble loading module in FortuneSource from /usr/lib/python3.12/site-packages/variety/plugins/builtin/quotes/FortuneSource.py'
INFO: 2024-05-31 10:25:53,002: load() 'Jumble found plugin class: <class 'FortuneSource.FortuneSource'>: {'name': 'UNIX fortune program', 'description': 'Displays quotes using the UNIX fortune program. You may want to install additional fortune packs, e.g. fortunes-bofh-excuses.', 'author': 'Dan Jones', 'version': '0.1'}'
INFO: 2024-05-31 10:25:53,002: _walk_modules() 'Jumble loading module in GoodreadsSource from /usr/lib/python3.12/site-packages/variety/plugins/builtin/quotes/GoodreadsSource.py'
INFO: 2024-05-31 10:25:53,174: load() 'Jumble found plugin class: <class 'GoodreadsSource.GoodreadsSource'>: {'name': 'Goodreads', 'description': 'Fetches quotes from Goodreads.com', 'author': 'Peter Levi', 'version': '0.1'}'
INFO: 2024-05-31 10:25:53,174: _walk_modules() 'Jumble loading module in LocalFilesSource from /usr/lib/python3.12/site-packages/variety/plugins/builtin/quotes/LocalFilesSource.py'
INFO: 2024-05-31 10:25:53,175: load() 'Jumble found plugin class: <class 'LocalFilesSource.LocalFilesSource'>: {'name': 'Local text files', 'description': 'Displays quotes, defined in local text files.\nPut your own txt files in: ~/.config/variety/pluginconfig/quotes/.\nThe file format is:\n\nquote -- author\n.\nsecond quote -- another author\n.\netc...\n\nExample: http://rvelthuis.de/zips/quotes.txt', 'author': 'Peter Levi', 'version': '0.1'}'
INFO: 2024-05-31 10:25:53,175: _walk_modules() 'Jumble loading module in QuotationsPageSource from /usr/lib/python3.12/site-packages/variety/plugins/builtin/quotes/QuotationsPageSource.py'
INFO: 2024-05-31 10:25:53,177: load() 'Jumble found plugin class: <class 'QuotationsPageSource.QuotationsPageSource'>: {'name': 'TheQuotationsPage.com', 'description': 'Fetches quotes from TheQuotationsPage.com', 'author': 'Peter Levi', 'version': '0.1'}'
INFO: 2024-05-31 10:25:53,177: _walk_modules() 'Jumble loading module in UrbanDictionarySource from /usr/lib/python3.12/site-packages/variety/plugins/builtin/quotes/UrbanDictionarySource.py'
INFO: 2024-05-31 10:25:53,178: load() 'Jumble found plugin class: <class 'UrbanDictionarySource.UrbanDictionarySource'>: {'name': 'Urban Dictionary', 'description': 'Displays definitions from Urban Dictionary', 'author': 'James Miller', 'version': '0.1'}'
INFO: 2024-05-31 10:25:53,178: _walk_modules() 'Jumble loading module in __init__ from /usr/lib/python3.12/site-packages/variety/plugins/builtin/quotes/__init__.py'
INFO: 2024-05-31 10:25:53,329: log_options() 'Loaded options:'
INFO: 2024-05-31 10:25:53,330: log_options() 'change_enabled = True'
INFO: 2024-05-31 10:25:53,330: log_options() 'change_interval = 300'
INFO: 2024-05-31 10:25:53,330: log_options() 'change_on_start = True'
INFO: 2024-05-31 10:25:53,330: log_options() 'clipboard_enabled = False'
INFO: 2024-05-31 10:25:53,330: log_options() 'clipboard_hosts = ['wallhaven.cc', 'wallpapers.net', 'flickr.com', 'imgur.com', 'deviantart.com', 'interfacelift.com', 'vladstudio.com', 'imageshack.us', 'deviantart.net', 'imageshack.com']'
INFO: 2024-05-31 10:25:53,330: log_options() 'clipboard_use_whitelist = True'
INFO: 2024-05-31 10:25:53,330: log_options() 'clock_date_font = Serif 30'
INFO: 2024-05-31 10:25:53,330: log_options() 'clock_enabled = False'
INFO: 2024-05-31 10:25:53,330: log_options() 'clock_filter = -density 100 -font `fc-match -f '%{file[0]}' '%CLOCK_FONT_NAME'` -pointsize %CLOCK_FONT_SIZE -gravity SouthEast -fill '#00000044' -annotate 0x0+[%HOFFSET+58]+[%VOFFSET+108] '%H:%M' -fill white -annotate 0x0+[%HOFFSET+60]+[%VOFFSET+110] '%H:%M' -font `fc-match -f '%{file[0]}' '%DATE_FONT_NAME'` -pointsize %DATE_FONT_SIZE -fill '#00000044' -annotate 0x0+[%HOFFSET+58]+[%VOFFSET+58] '%A, %B %d' -fill white -annotate 0x0+[%HOFFSET+60]+[%VOFFSET+60] '%A, %B %d''
INFO: 2024-05-31 10:25:53,330: log_options() 'clock_font = Serif 70'
INFO: 2024-05-31 10:25:53,330: log_options() 'configfile = /home/squid/.config/variety/variety.conf'
INFO: 2024-05-31 10:25:53,330: log_options() 'copyto_enabled = False'
INFO: 2024-05-31 10:25:53,330: log_options() 'copyto_folder = Default'
INFO: 2024-05-31 10:25:53,330: log_options() 'desired_color = [160, 160, 160]'
INFO: 2024-05-31 10:25:53,330: log_options() 'desired_color_enabled = False'
INFO: 2024-05-31 10:25:53,330: log_options() 'download_folder = /home/squid/.config/variety/Downloaded'
INFO: 2024-05-31 10:25:53,331: log_options() 'download_preference_ratio = 0.9'
INFO: 2024-05-31 10:25:53,331: log_options() 'favorites_folder = /home/squid/.config/variety/Favorites'
INFO: 2024-05-31 10:25:53,331: log_options() 'favorites_operations = [['Downloaded', 'Copy'], ['Fetched', 'Move'], ['Others', 'Copy']]'
INFO: 2024-05-31 10:25:53,331: log_options() 'fetched_folder = /home/squid/.config/variety/Fetched'
INFO: 2024-05-31 10:25:53,331: log_options() 'filters = [[False, 'Keep original', ''], [False, 'Grayscale', '-type Grayscale'], [False, 'Heavy blur', '-scale 20% -blur 0x10 -resize 500%'], [False, 'Soft blur', '-scale 20% -blur 0x2 -resize 500%'], [False, 'Oil painting', '-paint 8'], [False, 'Pointilism', '-spread 10 -noise 3'], [False, 'Pixellate', '-scale 3% -scale 3333%']]'
INFO: 2024-05-31 10:25:53,331: log_options() 'get_wallpaper_script = /home/squid/.config/variety/scripts/get_wallpaper'
INFO: 2024-05-31 10:25:53,331: log_options() 'icon = Current'
INFO: 2024-05-31 10:25:53,331: log_options() 'internet_enabled = True'
INFO: 2024-05-31 10:25:53,331: log_options() 'lightness_enabled = False'
INFO: 2024-05-31 10:25:53,331: log_options() 'lightness_mode = 0'
INFO: 2024-05-31 10:25:53,331: log_options() 'min_rating = 4'
INFO: 2024-05-31 10:25:53,331: log_options() 'min_rating_enabled = False'
INFO: 2024-05-31 10:25:53,331: log_options() 'min_size = 80'
INFO: 2024-05-31 10:25:53,331: log_options() 'min_size_enabled = False'
INFO: 2024-05-31 10:25:53,331: log_options() 'quota_enabled = True'
INFO: 2024-05-31 10:25:53,331: log_options() 'quota_size = 1000'
INFO: 2024-05-31 10:25:53,332: log_options() 'quotes_authors = '
INFO: 2024-05-31 10:25:53,332: log_options() 'quotes_bg_color = [80, 80, 80]'
INFO: 2024-05-31 10:25:53,332: log_options() 'quotes_bg_opacity = 0'
INFO: 2024-05-31 10:25:53,332: log_options() 'quotes_change_enabled = True'
INFO: 2024-05-31 10:25:53,332: log_options() 'quotes_change_interval = 300'
INFO: 2024-05-31 10:25:53,332: log_options() 'quotes_disabled_sources = ['Urban Dictionary']'
INFO: 2024-05-31 10:25:53,332: log_options() 'quotes_enabled = True'
INFO: 2024-05-31 10:25:53,332: log_options() 'quotes_favorites_file = /home/squid/.config/variety/favorite_quotes.txt'
INFO: 2024-05-31 10:25:53,332: log_options() 'quotes_font = Serif 17'
INFO: 2024-05-31 10:25:53,332: log_options() 'quotes_hpos = 0'
INFO: 2024-05-31 10:25:53,332: log_options() 'quotes_max_length = 250'
INFO: 2024-05-31 10:25:53,332: log_options() 'quotes_tags = '
INFO: 2024-05-31 10:25:53,332: log_options() 'quotes_text_color = [255, 255, 255]'
INFO: 2024-05-31 10:25:53,332: log_options() 'quotes_text_shadow = False'
INFO: 2024-05-31 10:25:53,332: log_options() 'quotes_vpos = 100'
INFO: 2024-05-31 10:25:53,332: log_options() 'quotes_width = 100'
INFO: 2024-05-31 10:25:53,332: log_options() 'safe_mode = False'
INFO: 2024-05-31 10:25:53,332: log_options() 'set_wallpaper_script = /home/squid/.config/variety/scripts/set_wallpaper'
INFO: 2024-05-31 10:25:53,333: log_options() 'slideshow_custom_enabled = False'
INFO: 2024-05-31 10:25:53,333: log_options() 'slideshow_custom_folder = /home/squid/Pictures'
INFO: 2024-05-31 10:25:53,333: log_options() 'slideshow_downloads_enabled = False'
INFO: 2024-05-31 10:25:53,333: log_options() 'slideshow_fade = 0.4'
INFO: 2024-05-31 10:25:53,333: log_options() 'slideshow_favorites_enabled = True'
INFO: 2024-05-31 10:25:53,333: log_options() 'slideshow_mode = Fullscreen'
INFO: 2024-05-31 10:25:53,333: log_options() 'slideshow_monitor = All'
INFO: 2024-05-31 10:25:53,333: log_options() 'slideshow_pan = 0.05'
INFO: 2024-05-31 10:25:53,333: log_options() 'slideshow_seconds = 6.0'
INFO: 2024-05-31 10:25:53,333: log_options() 'slideshow_sort_order = Random'
INFO: 2024-05-31 10:25:53,333: log_options() 'slideshow_sources_enabled = True'
INFO: 2024-05-31 10:25:53,333: log_options() 'slideshow_zoom = 0.2'
INFO: 2024-05-31 10:25:53,333: log_options() 'smart_enabled = False'
INFO: 2024-05-31 10:25:53,333: log_options() 'smart_notice_shown = False'
INFO: 2024-05-31 10:25:53,333: log_options() 'smart_register_shown = False'
INFO: 2024-05-31 10:25:53,333: log_options() 'sources = [[False, 'favorites', 'The Favorites folder'], [False, 'fetched', 'The Fetched folder'], [False, 'folder', '/usr/share/backgrounds'], [False, 'flickr', 'user:www.flickr.com/photos/peter-levi/;user_id:93647178@N00;'], [False, 'apod', "NASA's Astronomy Picture of the Day"], [False, 'bing', 'Bing Photo of the Day'], [False, 'earthview', 'Google Earth View Wallpapers'], [False, 'natgeo', "National Geographic's photo of the day"], [False, 'unsplash', 'High-resolution photos from Unsplash.com'], [True, 'folder', '/home/squid/wallpapers'], [False, 'wallhaven', 'nature']]'
INFO: 2024-05-31 10:25:53,334: log_options() 'stats_enabled = True'
INFO: 2024-05-31 10:25:53,334: log_options() 'stats_notice_shown = False'
INFO: 2024-05-31 10:25:53,334: log_options() 'sync_enabled = True'
INFO: 2024-05-31 10:25:53,334: log_options() 'use_landscape_enabled = True'
INFO: 2024-05-31 10:25:53,334: log_options() 'wallhaven_api_key = pzEd0xkbxUJP3AWSz19Z4zt7TYNOnG6a'
INFO: 2024-05-31 10:25:53,334: log_options() 'wallpaper_auto_rotate = False'
INFO: 2024-05-31 10:25:53,334: log_options() 'wallpaper_display_mode = smart'
INFO: 2024-05-31 10:25:53,334: reload_config() 'No need to clear prepared queue'
INFO: 2024-05-31 10:25:53,334: start() 'Starting QuotesEngine'
INFO: 2024-05-31 10:25:53,335: prepare_thread() 'Quotes prepare thread running'
INFO: 2024-05-31 10:25:53,335: prepare_thread() 'Quotes prepared buffer contains 0 quotes, fetching a quote'
INFO: 2024-05-31 10:25:53,335: regular_change_thread() 'Quotes regular change thread running'
INFO: 2024-05-31 10:25:53,335: get_for_search_url() 'Fetching quotes from Goodreads for search url=http://www.quotationspage.com/random.php'
INFO: 2024-05-31 10:25:53,335: on_options_updated() 'Quotes: clearing prepared and updating plugins'
INFO: 2024-05-31 10:25:53,336: update_indicator() 'Setting file info to: /home/squid/wallpapers/wallhaven-jxjr85.jpg'
INFO: 2024-05-31 10:25:53,368: load_banned() 'Missing or invalid banned URLs list, no URLs will be banned'
INFO: 2024-05-31 10:25:53,368: load_last_change_time() 'Change interval < 6 hours, ignore persisted last_change_time, wait initially the whole interval: 300'
INFO: 2024-05-31 10:25:53,368: update_indicator() 'Setting file info to: /home/squid/wallpapers/wallhaven-jxjr85.jpg'
INFO: 2024-05-31 10:25:53,369: regular_change_thread() 'regular_change thread running'
INFO: 2024-05-31 10:25:53,369: prepare_thread() 'Prepare thread running'
INFO: 2024-05-31 10:25:53,369: prepare_thread() 'Prepared buffer contains 0 images'
INFO: 2024-05-31 10:25:53,370: prepare_thread() 'Preparing some images'
INFO: 2024-05-31 10:25:53,371: update_indicator_icon() 'Creating indicator'
WARNING: 2024-05-31 10:25:53,428: create_menu() 'Variety Slideshow is not installed. This is an optional extension adding pan-and-zoom slideshows to Variety: see https://github.com/peterlevi/variety-slideshow for details'
INFO: 2024-05-31 10:25:53,429: create_indicator() 'indicator backend: AppIndicator3'
INFO: 2024-05-31 10:25:53,435: set_icon() 'Showing indicator icon image: /home/squid/wallpapers/wallhaven-jxjr85.jpg'
INFO: 2024-05-31 10:25:53,469: do_set_wp() 'Calling do_set_wp with /home/squid/wallpapers/wallhaven-jxjr85.jpg, time: 1717143953.4690917'
INFO: 2024-05-31 10:25:53,484: update_indicator() 'Setting file info to: /home/squid/wallpapers/wallhaven-jxjr85.jpg'
INFO: 2024-05-31 10:25:53,485: list_files() 'More than 1 files in the folders, stop listing'
INFO: 2024-05-31 10:25:54,015: get_for_search_url() 'Used QuotationsPage url http://www.quotationspage.com/random.php'
INFO: 2024-05-31 10:25:54,019: prepare_thread() 'After search prepared buffer contains 24 images'
INFO: 2024-05-31 10:25:54,469: do_set_wp() 'Calling do_set_wp with /home/squid/wallpapers/wallhaven-jxjr85.jpg, time: 1717143954.4694843'
INFO: 2024-05-31 10:25:56,020: trigger_download() 'Triggering download thread to check if download needed and possible'
INFO: 2024-05-31 10:25:56,031: prepare_thread() 'Quotes prepared buffer contains 0 quotes, fetching a quote'
INFO: 2024-05-31 10:25:56,032: get_for_keyword() 'Fetching quotes from Goodreads for keyword=psychology'
INFO: 2024-05-31 10:25:57,292: reload() 'Reloading preferences dialog'
INFO: 2024-05-31 10:25:57,326: set_icon() 'Showing indicator icon image: /home/squid/wallpapers/wallhaven-jxjr85.jpg'
INFO: 2024-05-31 10:25:57,450: compute_trimmed_offsets() 'Trimmed offsets debug info: w:1920, h:1080, ratio:1.777778, iw:1920, ih:1080, scw:1920, sch:1080, ho:0, vo:0'
INFO: 2024-05-31 10:25:57,739: update_indicator() 'Setting file info to: /home/squid/wallpapers/wallhaven-jxjr85.jpg'
INFO: 2024-05-31 10:25:57,742: list_files() 'More than 1 files in the folders, stop listing'
INFO: 2024-05-31 10:25:57,781: get_from_soup() 'Used Goodreads url https://www.goodreads.com/quotes/tag?utf8=%E2%9C%93&id=psychology&page=95'
INFO: 2024-05-31 10:25:58,369: set_wallpaper() 'Calling set_wallpaper with /home/squid/wallpapers/wallhaven-1pe2qv.png'
INFO: 2024-05-31 10:25:58,369: prepare_thread() 'Prepared buffer contains 23 images'
INFO: 2024-05-31 10:25:58,370: do_set_wp() 'Calling do_set_wp with /home/squid/wallpapers/wallhaven-1pe2qv.png, time: 1717143958.3705242'
INFO: 2024-05-31 10:25:59,725: set_icon() 'Showing indicator icon image: /home/squid/wallpapers/wallhaven-jxjr85.jpg'
INFO: 2024-05-31 10:25:59,791: prepare_thread() 'Quotes prepared buffer contains 0 quotes, fetching a quote'
INFO: 2024-05-31 10:26:00,370: trigger_download() 'Triggering download thread to check if download needed and possible'
INFO: 2024-05-31 10:26:01,792: prepare_thread() 'Quotes prepared buffer contains 1 quotes, fetching a quote'
WARNING: 2024-05-31 10:26:01,792: get_one_quote() 'No quotes for '' for plugin Local text files'
INFO: 2024-05-31 10:26:02,802: compute_trimmed_offsets() 'Trimmed offsets debug info: w:1920, h:1080, ratio:1.777778, iw:1920, ih:1080, scw:1920, sch:1080, ho:0, vo:0'
INFO: 2024-05-31 10:26:02,872: update_indicator() 'Setting file info to: /home/squid/wallpapers/wallhaven-1pe2qv.png'
INFO: 2024-05-31 10:26:02,874: list_files() 'More than 1 files in the folders, stop listing'
INFO: 2024-05-31 10:26:03,792: prepare_thread() 'Quotes prepared buffer contains 2 quotes, fetching a quote'
WARNING: 2024-05-31 10:26:03,792: get_one_quote() 'No quotes for '' for plugin Local text files'
INFO: 2024-05-31 10:26:05,244: set_icon() 'Showing indicator icon image: /home/squid/wallpapers/wallhaven-1pe2qv.png'
INFO: 2024-05-31 10:26:05,793: prepare_thread() 'Quotes prepared buffer contains 3 quotes, fetching a quote'
INFO: 2024-05-31 10:26:07,793: prepare_thread() 'Quotes prepared buffer contains 4 quotes, fetching a quote'
WARNING: 2024-05-31 10:26:07,793: get_one_quote() 'No quotes for '' for plugin Local text files'
INFO: 2024-05-31 10:26:09,794: prepare_thread() 'Quotes prepared buffer contains 5 quotes, fetching a quote'
INFO: 2024-05-31 10:26:11,794: prepare_thread() 'Quotes prepared buffer contains 6 quotes, fetching a quote'
ERROR: 2024-05-31 10:26:11,795: get_one_quote() 'Exception in quote plugin'
Traceback (most recent call last):
  File "/usr/lib/python3.12/site-packages/variety/QuotesEngine.py", line 286, in get_one_quote
    quotes = plugin["plugin"].get_random()
             ^^^^^^^^^^^^^^^^^^^^^^^^^^^^^
  File "/usr/lib/python3.12/site-packages/variety/plugins/builtin/quotes/FortuneSource.py", line 48, in get_random
    fortune = subprocess.check_output(["fortune"]).decode().strip()
              ^^^^^^^^^^^^^^^^^^^^^^^^^^^^^^^^^^^^
  File "/usr/lib/python3.12/subprocess.py", line 466, in check_output
    return run(*popenargs, stdout=PIPE, timeout=timeout, check=True,
           ^^^^^^^^^^^^^^^^^^^^^^^^^^^^^^^^^^^^^^^^^^^^^^^^^^^^^^^^^
  File "/usr/lib/python3.12/subprocess.py", line 548, in run
    with Popen(*popenargs, **kwargs) as process:
         ^^^^^^^^^^^^^^^^^^^^^^^^^^^
  File "/usr/lib/python3.12/subprocess.py", line 1026, in __init__
    self._execute_child(args, executable, preexec_fn, close_fds,
  File "/usr/lib/python3.12/subprocess.py", line 1955, in _execute_child
    raise child_exception_type(errno_num, err_msg, err_filename)
FileNotFoundError: [Errno 2] No such file or directory: 'fortune'
WARNING: 2024-05-31 10:26:11,797: get_one_quote() 'No quotes for '' for plugin Local text files'
INFO: 2024-05-31 10:26:13,370: server_options_thread() 'Fetching server options from http://tiny.cc/variety-options-063'
INFO: 2024-05-31 10:26:13,798: prepare_thread() 'Quotes prepared buffer contains 7 quotes, fetching a quote'
INFO: 2024-05-31 10:26:14,084: server_options_thread() 'Fetched server options: {'flickr': {'min_fill_queue_interval': 1200, 'min_download_interval': 1200}, 'wallbase': {'min_fill_queue_interval': 1800, 'min_download_interval': 1800}, 'wallhaven': {'min_fill_queue_interval': 1800, 'min_download_interval': 1800}, 'wallpapers.net': {'min_fill_queue_interval': 601, 'min_download_interval': 0}, 'unsplash': {'min_fill_queue_interval': 20000000000, 'min_download_interval': 20000000000}, 'unsplash_v2': {'min_fill_queue_interval': 3600, 'min_download_interval': 1800}, 'status_message': {'0.0.1': '', '*': ''}}'
INFO: 2024-05-31 10:26:15,798: prepare_thread() 'Quotes prepared buffer contains 8 quotes, fetching a quote'
INFO: 2024-05-31 10:26:17,799: prepare_thread() 'Quotes prepared buffer contains 9 quotes, fetching a quote'
